<?xml version="1.0" encoding="UTF-8"?>
<!-- Generated by org.testng.reporters.JUnitReportReporter -->
<testsuite skipped="0" hostname="DESKTOP-CATPVAN" name="newtest.Sample" tests="4" failures="0" timestamp="2021-03-19T03:32:27 EDT" time="24.928" errors="0">
  <testcase name="login2" time="5.518" classname="newtest.Sample"/>
  <system-out/>
  <testcase name="login2" time="5.583" classname="newtest.Sample"/>
  <system-out/>
  <testcase name="login1" time="8.293" classname="newtest.Sample"/>
  <system-out/>
  <testcase name="login1" time="5.534" classname="newtest.Sample"/>
  <system-out/>
</testsuite> <!-- newtest.Sample -->
