<?xml version="1.0" encoding="UTF-8"?>
<!-- Generated by org.testng.reporters.JUnitReportReporter -->
<testsuite skipped="0" hostname="DESKTOP-CATPVAN" name="newtest.Google" tests="2" failures="0" timestamp="2021-03-21T18:09:44 EDT" time="16.579" errors="0">
  <testcase name="search" time="7.598" classname="newtest.Google"/>
  <system-out/>
  <testcase name="search" time="8.981" classname="newtest.Google"/>
  <system-out/>
</testsuite> <!-- newtest.Google -->
