<?xml version="1.0" encoding="UTF-8"?>
<!-- Generated by org.testng.reporters.JUnitReportReporter -->
<testsuite skipped="0" hostname="DESKTOP-CATPVAN" name="newtest.Search_withterm" tests="2" failures="0" timestamp="2021-03-21T20:15:07 EDT" time="18.795" errors="0">
  <testcase name="search" time="10.065" classname="newtest.Search_withterm"/>
  <system-out/>
  <testcase name="search" time="8.730" classname="newtest.Search_withterm"/>
  <system-out/>
</testsuite> <!-- newtest.Search_withterm -->
