<?xml version="1.0" encoding="UTF-8"?>
<!-- Generated by org.testng.reporters.JUnitReportReporter -->
<testsuite skipped="0" hostname="DESKTOP-CATPVAN" name="TestNGPractice.NewTest" tests="2" failures="0" timestamp="2020-11-20T23:49:03 EST" time="0.010" errors="0">
  <testcase name="registerewuser" time="0.008" classname="TestNGPractice.NewTest"/>
  <system-out/>
  <testcase name="login" time="0.002" classname="TestNGPractice.NewTest"/>
  <system-out/>
</testsuite> <!-- TestNGPractice.NewTest -->
