<?xml version="1.0" encoding="UTF-8"?>
<!-- Generated by org.testng.reporters.JUnitReportReporter -->
<testsuite skipped="0" hostname="DESKTOP-CATPVAN" name="newtest.firsttestngfile" tests="1" failures="0" timestamp="2021-01-18T17:29:25 EST" time="7.833" errors="0">
  <testcase name="verifyHomepageTitle" time="7.833" classname="newtest.firsttestngfile"/>
  <system-out/>
</testsuite> <!-- newtest.firsttestngfile -->
