<?xml version="1.0" encoding="UTF-8"?>
<!-- Generated by org.testng.reporters.JUnitReportReporter -->
<testsuite skipped="0" hostname="DESKTOP-CATPVAN" name="TestClass.SearchResults_TC" tests="1" failures="0" timestamp="2021-03-21T20:08:25 EDT" time="4.130" errors="0">
  <testcase name="init" time="4.130" classname="TestClass.SearchResults_TC"/>
  <system-out/>
</testsuite> <!-- TestClass.SearchResults_TC -->
