<?xml version="1.0" encoding="UTF-8"?>
<!-- Generated by org.testng.reporters.JUnitReportReporter -->
<testsuite skipped="0" hostname="DESKTOP-CATPVAN" name="TestClass.SearchWithoutText" tests="1" failures="0" timestamp="2021-03-21T19:11:54 EDT" time="5.318" errors="0">
  <testcase name="init" time="5.318" classname="TestClass.SearchWithoutText"/>
  <system-out/>
</testsuite> <!-- TestClass.SearchWithoutText -->
